[INFO] Scanning for projects...
[INFO] 
[INFO] ---------------< com.brabel.it:overall-coverage-failure >---------------
[INFO] Building overall-coverage-failure 1.0.0
[INFO]   from pom.xml
[INFO] --------------------------------[ jar ]---------------------------------
[WARNING] Parameter 'branch.to.compare' is unknown for plugin 'test-coverage-extension-plugin:1.0.0-ALPHA:report (default)'
[WARNING] Parameter 'jacoco.exec.file' is unknown for plugin 'test-coverage-extension-plugin:1.0.0-ALPHA:report (default)'
[INFO] 
[INFO] --- jacoco:0.8.12:prepare-agent (default) @ overall-coverage-failure ---
[INFO] argLine set to "-javaagent:/Users/emileplas/Plas Advocaten Dropbox/Emile Plas/coderen/test-coverage-extension/maven-plugin/target/local-repo/org/jacoco/org.jacoco.agent/0.8.12/org.jacoco.agent-0.8.12-runtime.jar=destfile=/Users/emileplas/Plas Advocaten Dropbox/Emile Plas/coderen/test-coverage-extension/maven-plugin/target/it/per-class-failure/target/jacoco.exec"
[INFO] 
[INFO] --- resources:3.3.1:resources (default-resources) @ overall-coverage-failure ---
[WARNING] Using platform encoding (UTF-8 actually) to copy filtered resources, i.e. build is platform dependent!
[INFO] Copying 0 resource from src/main/resources to target/classes
[INFO] 
[INFO] --- compiler:3.13.0:compile (default-compile) @ overall-coverage-failure ---
[INFO] Recompiling the module because of changed source code.
[WARNING] File encoding has not been set, using platform encoding UTF-8, i.e. build is platform dependent!
[INFO] Compiling 2 source files with javac [debug target 1.8] to target/classes
[WARNING] bootstrap class path not set in conjunction with -source 8
[INFO] 
[INFO] --- resources:3.3.1:testResources (default-testResources) @ overall-coverage-failure ---
[WARNING] Using platform encoding (UTF-8 actually) to copy filtered resources, i.e. build is platform dependent!
[INFO] skip non existing resourceDirectory /Users/emileplas/Plas Advocaten Dropbox/Emile Plas/coderen/test-coverage-extension/maven-plugin/target/it/per-class-failure/src/test/resources
[INFO] 
[INFO] --- compiler:3.13.0:testCompile (default-testCompile) @ overall-coverage-failure ---
[INFO] Recompiling the module because of changed dependency.
[WARNING] File encoding has not been set, using platform encoding UTF-8, i.e. build is platform dependent!
[INFO] Compiling 2 source files with javac [debug target 1.8] to target/test-classes
[WARNING] bootstrap class path not set in conjunction with -source 8
[INFO] 
[INFO] --- surefire:3.2.5:test (default-test) @ overall-coverage-failure ---
[INFO] Using auto detected provider org.apache.maven.surefire.junitplatform.JUnitPlatformProvider
[INFO] 
[INFO] -------------------------------------------------------
[INFO]  T E S T S
[INFO] -------------------------------------------------------
[INFO] Running com.brabel.coverage.extension.single.module.sample.FirstExampleClassTest
[INFO] Tests run: 2, Failures: 0, Errors: 0, Skipped: 0, Time elapsed: 0.198 s -- in com.brabel.coverage.extension.single.module.sample.FirstExampleClassTest
[INFO] Running com.brabel.coverage.extension.single.module.sample.SecondExampleClassTest
[INFO] Tests run: 1, Failures: 0, Errors: 0, Skipped: 0, Time elapsed: 0.006 s -- in com.brabel.coverage.extension.single.module.sample.SecondExampleClassTest
[INFO] 
[INFO] Results:
[INFO] 
[INFO] Tests run: 3, Failures: 0, Errors: 0, Skipped: 0
[INFO] 
[INFO] 
[INFO] --- jacoco:0.8.12:report (report) @ overall-coverage-failure ---
[INFO] Loading execution data file /Users/emileplas/Plas Advocaten Dropbox/Emile Plas/coderen/test-coverage-extension/maven-plugin/target/it/per-class-failure/target/jacoco.exec
[INFO] Analyzed bundle 'overall-coverage-failure' with 2 classes
[INFO] 
[INFO] --- test-coverage-extension-plugin:1.0.0-ALPHA:report (default) @ overall-coverage-failure ---
[WARNING]  Parameter 'basedir' is read-only, must not be used in configuration
[INFO] Project Base Directory: /Users/emileplas/Plas Advocaten Dropbox/Emile Plas/coderen/test-coverage-extension/maven-plugin/target/it/per-class-failure
[INFO] Classpath: /Users/emileplas/Plas Advocaten Dropbox/Emile Plas/coderen/test-coverage-extension/maven-plugin/target/it/per-class-failure/target/classes
[INFO] Source Paths: [src/main/java]
[INFO] JaCoCo Execution File: /Users/emileplas/Plas Advocaten Dropbox/Emile Plas/coderen/test-coverage-extension/maven-plugin/target/it/per-class-failure/target/jacoco.exec
[INFO] Branch to Compare: develop
[INFO] Rule Type: PER_CLASS, Threshold: 80.0
[INFO] ------------------------------------------------------------------------
[INFO] BUILD FAILURE
[INFO] ------------------------------------------------------------------------
[INFO] Total time:  6.103 s
[INFO] Finished at: 2025-03-02T19:43:54-03:00
[INFO] ------------------------------------------------------------------------
[ERROR] Failed to execute goal com.brabel:test-coverage-extension-plugin:1.0.0-ALPHA:report (default) on project overall-coverage-failure: 
[ERROR] The changed classes do not meet the overall required coverage of 80.00%: 
[ERROR] The following classes are not sufficiently covered: 
[ERROR] /Users/emileplas/Plas Advocaten Dropbox/Emile Plas/coderen/test-coverage-extension/maven-plugin/target/it/per-class-failure/src/main/java/com/brabel/coverage/extension/single/module/sample/SecondExampleClass.java with an overall coverage of 60.00%
[ERROR] /Users/emileplas/Plas Advocaten Dropbox/Emile Plas/coderen/test-coverage-extension/maven-plugin/target/it/per-class-failure/src/main/java/com/brabel/coverage/extension/single/module/sample/FirstExampleClass.java with an overall coverage of 70.00%
[ERROR] The following classes are sufficiently covered: 
[ERROR] None
[ERROR] --------------------------------------------------
[ERROR] -> [Help 1]
[ERROR] 
[ERROR] To see the full stack trace of the errors, re-run Maven with the -e switch.
[ERROR] Re-run Maven using the -X switch to enable full debug logging.
[ERROR] 
[ERROR] For more information about the errors and possible solutions, please read the following articles:
[ERROR] [Help 1] http://cwiki.apache.org/confluence/display/MAVEN/MojoFailureException
Running post-build script: /Users/emileplas/Plas Advocaten Dropbox/Emile Plas/coderen/test-coverage-extension/maven-plugin/target/it/per-class-failure/verify.groovy
Integration test passed: Build failed as expected with the correct message.
Finished post-build script: /Users/emileplas/Plas Advocaten Dropbox/Emile Plas/coderen/test-coverage-extension/maven-plugin/target/it/per-class-failure/verify.groovy
